  [1m[35m (0.6ms)[0m  [1m[34mSELECT pg_try_advisory_lock(4042686100896465855)[0m
  ↳ bin/rails:9
  [1m[35m (3.3ms)[0m  [1m[34mSELECT "schema_migrations"."version" FROM "schema_migrations" ORDER BY "schema_migrations"."version" ASC[0m
  ↳ bin/rails:9
Migrating to CreateUser (20220304213941)
  [1m[35m (0.2ms)[0m  [1m[35mBEGIN[0m
  ↳ bin/rails:9
  [1m[35m (18.1ms)[0m  [1m[35mCREATE TABLE "users" ("id" bigserial primary key, "username" character varying NOT NULL, "created_at" timestamp NOT NULL, "updated_at" timestamp NOT NULL)[0m
  ↳ db/migrate/20220304213941_create_user.rb:3
  [1m[35m (0.3ms)[0m  [1m[31mROLLBACK[0m
  ↳ bin/rails:9
  [1m[35m (0.3ms)[0m  [1m[34mSELECT pg_advisory_unlock(4042686100896465855)[0m
  ↳ bin/rails:9
  [1m[35m (19.5ms)[0m  [1m[35mCREATE TABLE "schema_migrations" ("version" character varying NOT NULL PRIMARY KEY)[0m
  ↳ bin/rails:9
  [1m[35m (24.6ms)[0m  [1m[35mCREATE TABLE "ar_internal_metadata" ("key" character varying NOT NULL PRIMARY KEY, "value" character varying, "created_at" timestamp NOT NULL, "updated_at" timestamp NOT NULL)[0m
  ↳ bin/rails:9
  [1m[35m (1.0ms)[0m  [1m[34mSELECT pg_try_advisory_lock(4042686100896465855)[0m
  ↳ bin/rails:9
  [1m[35m (0.8ms)[0m  [1m[34mSELECT "schema_migrations"."version" FROM "schema_migrations" ORDER BY "schema_migrations"."version" ASC[0m
  ↳ bin/rails:9
Migrating to CreateUser (20220304213941)
  [1m[35m (0.2ms)[0m  [1m[35mBEGIN[0m
  ↳ bin/rails:9
  [1m[35m (23.8ms)[0m  [1m[35mCREATE TABLE "users" ("id" bigserial primary key, "username" character varying NOT NULL, "created_at" timestamp NOT NULL, "updated_at" timestamp NOT NULL)[0m
  ↳ db/migrate/20220304213941_create_user.rb:3
  [1m[35m (3.9ms)[0m  [1m[35mCREATE UNIQUE INDEX  "index_users_on_username" ON "users"  ("username")[0m
  ↳ db/migrate/20220304213941_create_user.rb:8
  [1m[36mActiveRecord::SchemaMigration Create (1.2ms)[0m  [1m[32mINSERT INTO "schema_migrations" ("version") VALUES ($1) RETURNING "version"[0m  [["version", "20220304213941"]]
  ↳ bin/rails:9
  [1m[35m (0.7ms)[0m  [1m[35mCOMMIT[0m
  ↳ bin/rails:9
  [1m[36mActiveRecord::InternalMetadata Load (0.5ms)[0m  [1m[34mSELECT  "ar_internal_metadata".* FROM "ar_internal_metadata" WHERE "ar_internal_metadata"."key" = $1 LIMIT $2[0m  [["key", "environment"], ["LIMIT", 1]]
  ↳ bin/rails:9
  [1m[35m (0.2ms)[0m  [1m[35mBEGIN[0m
  ↳ bin/rails:9
  [1m[36mActiveRecord::InternalMetadata Create (1.0ms)[0m  [1m[32mINSERT INTO "ar_internal_metadata" ("key", "value", "created_at", "updated_at") VALUES ($1, $2, $3, $4) RETURNING "key"[0m  [["key", "environment"], ["value", "development"], ["created_at", "2022-03-04 21:42:43.745897"], ["updated_at", "2022-03-04 21:42:43.745897"]]
  ↳ bin/rails:9
  [1m[35m (6.4ms)[0m  [1m[35mCOMMIT[0m
  ↳ bin/rails:9
  [1m[35m (0.5ms)[0m  [1m[34mSELECT pg_advisory_unlock(4042686100896465855)[0m
  ↳ bin/rails:9
  [1m[35m (0.4ms)[0m  [1m[34mSELECT "schema_migrations"."version" FROM "schema_migrations" ORDER BY "schema_migrations"."version" ASC[0m
  ↳ bin/rails:9
  [1m[35m (0.5ms)[0m  [1m[34mSELECT pg_try_advisory_lock(4042686100896465855)[0m
  ↳ bin/rails:9
  [1m[35m (1.2ms)[0m  [1m[34mSELECT "schema_migrations"."version" FROM "schema_migrations" ORDER BY "schema_migrations"."version" ASC[0m
  ↳ bin/rails:9
Migrating to CreatePoll (20220304214307)
  [1m[35m (0.2ms)[0m  [1m[35mBEGIN[0m
  ↳ bin/rails:9
  [1m[35m (10.6ms)[0m  [1m[35mCREATE TABLE "polls" ("id" bigserial primary key, "title" character varying NOT NULL, "created_at" timestamp NOT NULL, "updated_at" timestamp NOT NULL)[0m
  ↳ db/migrate/20220304214307_create_poll.rb:3
  [1m[35m (1.6ms)[0m  [1m[35mCREATE  INDEX  "index_polls_on_title" ON "polls"  ("title")[0m
  ↳ db/migrate/20220304214307_create_poll.rb:9
  [1m[36mActiveRecord::SchemaMigration Create (0.6ms)[0m  [1m[32mINSERT INTO "schema_migrations" ("version") VALUES ($1) RETURNING "version"[0m  [["version", "20220304214307"]]
  ↳ bin/rails:9
  [1m[35m (0.7ms)[0m  [1m[35mCOMMIT[0m
  ↳ bin/rails:9
  [1m[36mActiveRecord::InternalMetadata Load (1.5ms)[0m  [1m[34mSELECT  "ar_internal_metadata".* FROM "ar_internal_metadata" WHERE "ar_internal_metadata"."key" = $1 LIMIT $2[0m  [["key", "environment"], ["LIMIT", 1]]
  ↳ bin/rails:9
  [1m[35m (0.3ms)[0m  [1m[35mBEGIN[0m
  ↳ bin/rails:9
  [1m[35m (0.2ms)[0m  [1m[35mCOMMIT[0m
  ↳ bin/rails:9
  [1m[35m (0.3ms)[0m  [1m[34mSELECT pg_advisory_unlock(4042686100896465855)[0m
  ↳ bin/rails:9
  [1m[35m (0.3ms)[0m  [1m[34mSELECT "schema_migrations"."version" FROM "schema_migrations" ORDER BY "schema_migrations"."version" ASC[0m
  ↳ bin/rails:9
  [1m[35m (0.5ms)[0m  [1m[34mSELECT pg_try_advisory_lock(4042686100896465855)[0m
  ↳ bin/rails:9
  [1m[35m (1.8ms)[0m  [1m[34mSELECT "schema_migrations"."version" FROM "schema_migrations" ORDER BY "schema_migrations"."version" ASC[0m
  ↳ bin/rails:9
Migrating to CreateQuestion (20220304214432)
  [1m[35m (0.2ms)[0m  [1m[35mBEGIN[0m
  ↳ bin/rails:9
  [1m[35m (12.1ms)[0m  [1m[35mCREATE TABLE "questions" ("id" bigserial primary key, "text" character varying NOT NULL, "created_at" timestamp NOT NULL, "updated_at" timestamp NOT NULL)[0m
  ↳ db/migrate/20220304214432_create_question.rb:3
  [1m[36mActiveRecord::SchemaMigration Create (0.7ms)[0m  [1m[32mINSERT INTO "schema_migrations" ("version") VALUES ($1) RETURNING "version"[0m  [["version", "20220304214432"]]
  ↳ bin/rails:9
  [1m[35m (2.1ms)[0m  [1m[35mCOMMIT[0m
  ↳ bin/rails:9
  [1m[36mActiveRecord::InternalMetadata Load (0.7ms)[0m  [1m[34mSELECT  "ar_internal_metadata".* FROM "ar_internal_metadata" WHERE "ar_internal_metadata"."key" = $1 LIMIT $2[0m  [["key", "environment"], ["LIMIT", 1]]
  ↳ bin/rails:9
  [1m[35m (0.2ms)[0m  [1m[35mBEGIN[0m
  ↳ bin/rails:9
  [1m[35m (0.2ms)[0m  [1m[35mCOMMIT[0m
  ↳ bin/rails:9
  [1m[35m (0.4ms)[0m  [1m[34mSELECT pg_advisory_unlock(4042686100896465855)[0m
  ↳ bin/rails:9
  [1m[35m (0.5ms)[0m  [1m[34mSELECT "schema_migrations"."version" FROM "schema_migrations" ORDER BY "schema_migrations"."version" ASC[0m
  ↳ bin/rails:9
  [1m[35m (0.4ms)[0m  [1m[34mSELECT pg_try_advisory_lock(4042686100896465855)[0m
  ↳ bin/rails:9
  [1m[35m (1.8ms)[0m  [1m[34mSELECT "schema_migrations"."version" FROM "schema_migrations" ORDER BY "schema_migrations"."version" ASC[0m
  ↳ bin/rails:9
Migrating to CreateAnswerChoice (20220304214535)
  [1m[35m (0.4ms)[0m  [1m[35mBEGIN[0m
  ↳ bin/rails:9
  [1m[35m (12.2ms)[0m  [1m[35mCREATE TABLE "answer_choices" ("id" bigserial primary key, "text" text NOT NULL, "created_at" timestamp NOT NULL, "updated_at" timestamp NOT NULL)[0m
  ↳ db/migrate/20220304214535_create_answer_choice.rb:3
  [1m[36mActiveRecord::SchemaMigration Create (0.6ms)[0m  [1m[32mINSERT INTO "schema_migrations" ("version") VALUES ($1) RETURNING "version"[0m  [["version", "20220304214535"]]
  ↳ bin/rails:9
  [1m[35m (0.8ms)[0m  [1m[35mCOMMIT[0m
  ↳ bin/rails:9
  [1m[36mActiveRecord::InternalMetadata Load (0.6ms)[0m  [1m[34mSELECT  "ar_internal_metadata".* FROM "ar_internal_metadata" WHERE "ar_internal_metadata"."key" = $1 LIMIT $2[0m  [["key", "environment"], ["LIMIT", 1]]
  ↳ bin/rails:9
  [1m[35m (0.2ms)[0m  [1m[35mBEGIN[0m
  ↳ bin/rails:9
  [1m[35m (0.2ms)[0m  [1m[35mCOMMIT[0m
  ↳ bin/rails:9
  [1m[35m (0.3ms)[0m  [1m[34mSELECT pg_advisory_unlock(4042686100896465855)[0m
  ↳ bin/rails:9
  [1m[35m (0.3ms)[0m  [1m[34mSELECT "schema_migrations"."version" FROM "schema_migrations" ORDER BY "schema_migrations"."version" ASC[0m
  ↳ bin/rails:9
  [1m[35m (0.3ms)[0m  [1m[34mSELECT pg_try_advisory_lock(4042686100896465855)[0m
  ↳ bin/rails:9
  [1m[35m (1.2ms)[0m  [1m[34mSELECT "schema_migrations"."version" FROM "schema_migrations" ORDER BY "schema_migrations"."version" ASC[0m
  ↳ bin/rails:9
Migrating to CreateResponse (20220304214700)
  [1m[35m (0.2ms)[0m  [1m[35mBEGIN[0m
  ↳ bin/rails:9
  [1m[35m (11.7ms)[0m  [1m[35mCREATE TABLE "responses" ("id" bigserial primary key, "user_id" integer NOT NULL, "question_id" integer NOT NULL, "answer_id" integer NOT NULL, "created_at" timestamp NOT NULL, "updated_at" timestamp NOT NULL)[0m
  ↳ db/migrate/20220304214700_create_response.rb:3
  [1m[36mActiveRecord::SchemaMigration Create (1.1ms)[0m  [1m[32mINSERT INTO "schema_migrations" ("version") VALUES ($1) RETURNING "version"[0m  [["version", "20220304214700"]]
  ↳ bin/rails:9
  [1m[35m (1.3ms)[0m  [1m[35mCOMMIT[0m
  ↳ bin/rails:9
  [1m[36mActiveRecord::InternalMetadata Load (0.8ms)[0m  [1m[34mSELECT  "ar_internal_metadata".* FROM "ar_internal_metadata" WHERE "ar_internal_metadata"."key" = $1 LIMIT $2[0m  [["key", "environment"], ["LIMIT", 1]]
  ↳ bin/rails:9
  [1m[35m (0.2ms)[0m  [1m[35mBEGIN[0m
  ↳ bin/rails:9
  [1m[35m (0.2ms)[0m  [1m[35mCOMMIT[0m
  ↳ bin/rails:9
  [1m[35m (0.3ms)[0m  [1m[34mSELECT pg_advisory_unlock(4042686100896465855)[0m
  ↳ bin/rails:9
  [1m[35m (0.6ms)[0m  [1m[34mSELECT "schema_migrations"."version" FROM "schema_migrations" ORDER BY "schema_migrations"."version" ASC[0m
  ↳ bin/rails:9
  [1m[35m (0.5ms)[0m  [1m[34mSELECT pg_try_advisory_lock(4042686100896465855)[0m
  ↳ bin/rails:9
  [1m[35m (1.2ms)[0m  [1m[34mSELECT "schema_migrations"."version" FROM "schema_migrations" ORDER BY "schema_migrations"."version" ASC[0m
  ↳ bin/rails:9
Migrating to AddForeignKeys (20220304214947)
  [1m[35m (0.2ms)[0m  [1m[35mBEGIN[0m
  ↳ bin/rails:9
  [1m[35m (0.5ms)[0m  [1m[31mROLLBACK[0m
  ↳ bin/rails:9
  [1m[35m (0.5ms)[0m  [1m[34mSELECT pg_advisory_unlock(4042686100896465855)[0m
  ↳ bin/rails:9
  [1m[35m (0.3ms)[0m  [1m[34mSELECT pg_try_advisory_lock(4042686100896465855)[0m
  ↳ bin/rails:9
  [1m[35m (1.2ms)[0m  [1m[34mSELECT "schema_migrations"."version" FROM "schema_migrations" ORDER BY "schema_migrations"."version" ASC[0m
  ↳ bin/rails:9
Migrating to AddForeignKeys (20220304214947)
  [1m[35m (0.2ms)[0m  [1m[35mBEGIN[0m
  ↳ bin/rails:9
  [1m[35m (1.9ms)[0m  [1m[35mALTER TABLE "polls" ADD "author_id" integer NOT NULL[0m
  ↳ db/migrate/20220304214947_add_foreign_keys.rb:3
  [1m[35m (1.7ms)[0m  [1m[35mALTER TABLE "questions" ADD "poll_id" integer NOT NULL[0m
  ↳ db/migrate/20220304214947_add_foreign_keys.rb:4
  [1m[35m (3.8ms)[0m  [1m[35mALTER TABLE "answer_choices" ADD "question_id" integer NOT NULL[0m
  ↳ db/migrate/20220304214947_add_foreign_keys.rb:5
  [1m[36mActiveRecord::SchemaMigration Create (0.6ms)[0m  [1m[32mINSERT INTO "schema_migrations" ("version") VALUES ($1) RETURNING "version"[0m  [["version", "20220304214947"]]
  ↳ bin/rails:9
  [1m[35m (2.4ms)[0m  [1m[35mCOMMIT[0m
  ↳ bin/rails:9
  [1m[36mActiveRecord::InternalMetadata Load (0.6ms)[0m  [1m[34mSELECT  "ar_internal_metadata".* FROM "ar_internal_metadata" WHERE "ar_internal_metadata"."key" = $1 LIMIT $2[0m  [["key", "environment"], ["LIMIT", 1]]
  ↳ bin/rails:9
  [1m[35m (0.3ms)[0m  [1m[35mBEGIN[0m
  ↳ bin/rails:9
  [1m[35m (0.3ms)[0m  [1m[35mCOMMIT[0m
  ↳ bin/rails:9
  [1m[35m (0.6ms)[0m  [1m[34mSELECT pg_advisory_unlock(4042686100896465855)[0m
  ↳ bin/rails:9
  [1m[35m (0.4ms)[0m  [1m[34mSELECT "schema_migrations"."version" FROM "schema_migrations" ORDER BY "schema_migrations"."version" ASC[0m
  ↳ bin/rails:9
  [1m[35m (1.1ms)[0m  [1m[34mSELECT "schema_migrations"."version" FROM "schema_migrations" ORDER BY "schema_migrations"."version" ASC[0m
  ↳ /Users/appacademystudent/.rbenv/versions/2.5.1/bin/annotate:23
  [1m[35m (1.1ms)[0m  [1m[34mSELECT "schema_migrations"."version" FROM "schema_migrations" ORDER BY "schema_migrations"."version" ASC[0m
  ↳ /Users/appacademystudent/.rbenv/versions/2.5.1/bin/annotate:23
  [1m[35m (0.5ms)[0m  [1m[34mSELECT pg_try_advisory_lock(4042686100896465855)[0m
  ↳ bin/rails:9
  [1m[35m (1.2ms)[0m  [1m[34mSELECT "schema_migrations"."version" FROM "schema_migrations" ORDER BY "schema_migrations"."version" ASC[0m
  ↳ bin/rails:9
Migrating to DeleteQuestionId (20220304220158)
  [1m[35m (0.2ms)[0m  [1m[35mBEGIN[0m
  ↳ bin/rails:9
  [1m[35m (4.5ms)[0m  [1m[35mALTER TABLE "responses" DROP COLUMN "question_id"[0m
  ↳ db/migrate/20220304220158_delete_question_id.rb:3
  [1m[36mActiveRecord::SchemaMigration Create (0.8ms)[0m  [1m[32mINSERT INTO "schema_migrations" ("version") VALUES ($1) RETURNING "version"[0m  [["version", "20220304220158"]]
  ↳ bin/rails:9
  [1m[35m (0.8ms)[0m  [1m[35mCOMMIT[0m
  ↳ bin/rails:9
  [1m[36mActiveRecord::InternalMetadata Load (0.8ms)[0m  [1m[34mSELECT  "ar_internal_metadata".* FROM "ar_internal_metadata" WHERE "ar_internal_metadata"."key" = $1 LIMIT $2[0m  [["key", "environment"], ["LIMIT", 1]]
  ↳ bin/rails:9
  [1m[35m (0.2ms)[0m  [1m[35mBEGIN[0m
  ↳ bin/rails:9
  [1m[35m (0.2ms)[0m  [1m[35mCOMMIT[0m
  ↳ bin/rails:9
  [1m[35m (0.3ms)[0m  [1m[34mSELECT pg_advisory_unlock(4042686100896465855)[0m
  ↳ bin/rails:9
  [1m[35m (0.6ms)[0m  [1m[34mSELECT "schema_migrations"."version" FROM "schema_migrations" ORDER BY "schema_migrations"."version" ASC[0m
  ↳ bin/rails:9
  [1m[35m (1.1ms)[0m  [1m[34mSELECT "schema_migrations"."version" FROM "schema_migrations" ORDER BY "schema_migrations"."version" ASC[0m
  ↳ /Users/appacademystudent/.rbenv/versions/2.5.1/bin/annotate:23
  [1m[35m (1.2ms)[0m  [1m[35mCREATE DATABASE "polls_app_development" ENCODING = 'unicode'[0m
  ↳ bin/rails:9
  [1m[35m (3.4ms)[0m  [1m[35mCREATE DATABASE "polls_app_test" ENCODING = 'unicode'[0m
  ↳ bin/rails:9
  [1m[35m (4.1ms)[0m  [1m[34mSELECT "schema_migrations"."version" FROM "schema_migrations" ORDER BY "schema_migrations"."version" ASC[0m
  ↳ bin/rails:9
  [1m[35m (2.4ms)[0m  [1m[34mSELECT "ar_internal_metadata"."value" FROM "ar_internal_metadata" WHERE "ar_internal_metadata"."key" = $1[0m  [["key", "environment"]]
  ↳ bin/rails:9
  [1m[35m (0.3ms)[0m  [1m[34mSELECT "schema_migrations"."version" FROM "schema_migrations" ORDER BY "schema_migrations"."version" ASC[0m
  ↳ bin/rails:9
  [1m[35m (0.3ms)[0m  [1m[34mSELECT "ar_internal_metadata"."value" FROM "ar_internal_metadata" WHERE "ar_internal_metadata"."key" = $1[0m  [["key", "environment"]]
  ↳ bin/rails:9
  [1m[35m (0.3ms)[0m  [1m[34mSELECT "schema_migrations"."version" FROM "schema_migrations" ORDER BY "schema_migrations"."version" ASC[0m
  ↳ bin/rails:9
  [1m[35m (0.2ms)[0m  [1m[34mSELECT "ar_internal_metadata"."value" FROM "ar_internal_metadata" WHERE "ar_internal_metadata"."key" = $1[0m  [["key", "environment"]]
  ↳ bin/rails:9
  [1m[35mSQL (2.4ms)[0m  [1m[35mCREATE EXTENSION IF NOT EXISTS "plpgsql"[0m
  ↳ db/schema.rb:16
  [1m[35m (22.6ms)[0m  [1m[35mDROP TABLE IF EXISTS "answer_choices" CASCADE[0m
  ↳ db/schema.rb:18
  [1m[35m (31.3ms)[0m  [1m[35mCREATE TABLE "answer_choices" ("id" bigserial primary key, "text" text NOT NULL, "created_at" timestamp NOT NULL, "updated_at" timestamp NOT NULL, "question_id" integer NOT NULL)[0m
  ↳ db/schema.rb:18
  [1m[35m (4.8ms)[0m  [1m[35mDROP TABLE IF EXISTS "polls" CASCADE[0m
  ↳ db/schema.rb:25
  [1m[35m (23.9ms)[0m  [1m[35mCREATE TABLE "polls" ("id" bigserial primary key, "title" character varying NOT NULL, "created_at" timestamp NOT NULL, "updated_at" timestamp NOT NULL, "author_id" integer NOT NULL)[0m
  ↳ db/schema.rb:25
  [1m[35m (4.9ms)[0m  [1m[35mCREATE  INDEX  "index_polls_on_title" ON "polls"  ("title")[0m
  ↳ db/schema.rb:25
  [1m[35m (4.9ms)[0m  [1m[35mDROP TABLE IF EXISTS "questions" CASCADE[0m
  ↳ db/schema.rb:33
  [1m[35m (12.6ms)[0m  [1m[35mCREATE TABLE "questions" ("id" bigserial primary key, "text" character varying NOT NULL, "created_at" timestamp NOT NULL, "updated_at" timestamp NOT NULL, "poll_id" integer NOT NULL)[0m
  ↳ db/schema.rb:33
  [1m[35m (39.8ms)[0m  [1m[35mDROP TABLE IF EXISTS "responses" CASCADE[0m
  ↳ db/schema.rb:40
  [1m[35m (59.9ms)[0m  [1m[35mCREATE TABLE "responses" ("id" bigserial primary key, "user_id" integer NOT NULL, "answer_id" integer NOT NULL, "created_at" timestamp NOT NULL, "updated_at" timestamp NOT NULL)[0m
  ↳ db/schema.rb:40
  [1m[35m (13.8ms)[0m  [1m[35mDROP TABLE IF EXISTS "users" CASCADE[0m
  ↳ db/schema.rb:47
  [1m[35m (105.0ms)[0m  [1m[35mCREATE TABLE "users" ("id" bigserial primary key, "username" character varying NOT NULL, "created_at" timestamp NOT NULL, "updated_at" timestamp NOT NULL)[0m
  ↳ db/schema.rb:47
  [1m[35m (5.9ms)[0m  [1m[35mCREATE UNIQUE INDEX  "index_users_on_username" ON "users"  ("username")[0m
  ↳ db/schema.rb:47
  [1m[35m (1.6ms)[0m  [1m[34mSELECT "schema_migrations"."version" FROM "schema_migrations" ORDER BY "schema_migrations"."version" ASC[0m
  ↳ db/schema.rb:13
  [1m[35m (2.2ms)[0m  [1m[32mINSERT INTO "schema_migrations" (version) VALUES (20220304220158)[0m
  ↳ db/schema.rb:13
  [1m[35m (9.7ms)[0m  [1m[32mINSERT INTO "schema_migrations" (version) VALUES
(20220304213941),
(20220304214535),
(20220304214947),
(20220304214307),
(20220304214700),
(20220304214432);

[0m
  ↳ db/schema.rb:13
  [1m[36mActiveRecord::InternalMetadata Load (3.8ms)[0m  [1m[34mSELECT  "ar_internal_metadata".* FROM "ar_internal_metadata" WHERE "ar_internal_metadata"."key" = $1 LIMIT $2[0m  [["key", "environment"], ["LIMIT", 1]]
  ↳ db/schema.rb:13
  [1m[35m (0.9ms)[0m  [1m[35mBEGIN[0m
  ↳ db/schema.rb:13
  [1m[35m (0.7ms)[0m  [1m[35mCOMMIT[0m
  ↳ db/schema.rb:13
  [1m[36mActiveRecord::InternalMetadata Load (0.7ms)[0m  [1m[34mSELECT  "ar_internal_metadata".* FROM "ar_internal_metadata" WHERE "ar_internal_metadata"."key" = $1 LIMIT $2[0m  [["key", "environment"], ["LIMIT", 1]]
  ↳ bin/rails:9
  [1m[35m (0.3ms)[0m  [1m[35mBEGIN[0m
  ↳ bin/rails:9
  [1m[35m (0.3ms)[0m  [1m[35mCOMMIT[0m
  ↳ bin/rails:9
  [1m[35mSQL (3.3ms)[0m  [1m[35mCREATE EXTENSION IF NOT EXISTS "plpgsql"[0m
  ↳ db/schema.rb:16
  [1m[35m (1.1ms)[0m  [1m[35mDROP TABLE IF EXISTS "answer_choices" CASCADE[0m
  ↳ db/schema.rb:18
  [1m[35m (54.2ms)[0m  [1m[35mCREATE TABLE "answer_choices" ("id" bigserial primary key, "text" text NOT NULL, "created_at" timestamp NOT NULL, "updated_at" timestamp NOT NULL, "question_id" integer NOT NULL)[0m
  ↳ db/schema.rb:18
  [1m[35m (2.1ms)[0m  [1m[35mDROP TABLE IF EXISTS "polls" CASCADE[0m
  ↳ db/schema.rb:25
  [1m[35m (13.1ms)[0m  [1m[35mCREATE TABLE "polls" ("id" bigserial primary key, "title" character varying NOT NULL, "created_at" timestamp NOT NULL, "updated_at" timestamp NOT NULL, "author_id" integer NOT NULL)[0m
  ↳ db/schema.rb:25
  [1m[35m (3.8ms)[0m  [1m[35mCREATE  INDEX  "index_polls_on_title" ON "polls"  ("title")[0m
  ↳ db/schema.rb:25
  [1m[35m (0.5ms)[0m  [1m[35mDROP TABLE IF EXISTS "questions" CASCADE[0m
  ↳ db/schema.rb:33
  [1m[35m (11.2ms)[0m  [1m[35mCREATE TABLE "questions" ("id" bigserial primary key, "text" character varying NOT NULL, "created_at" timestamp NOT NULL, "updated_at" timestamp NOT NULL, "poll_id" integer NOT NULL)[0m
  ↳ db/schema.rb:33
  [1m[35m (1.1ms)[0m  [1m[35mDROP TABLE IF EXISTS "responses" CASCADE[0m
  ↳ db/schema.rb:40
  [1m[35m (10.3ms)[0m  [1m[35mCREATE TABLE "responses" ("id" bigserial primary key, "user_id" integer NOT NULL, "answer_id" integer NOT NULL, "created_at" timestamp NOT NULL, "updated_at" timestamp NOT NULL)[0m
  ↳ db/schema.rb:40
  [1m[35m (2.9ms)[0m  [1m[35mDROP TABLE IF EXISTS "users" CASCADE[0m
  ↳ db/schema.rb:47
  [1m[35m (13.0ms)[0m  [1m[35mCREATE TABLE "users" ("id" bigserial primary key, "username" character varying NOT NULL, "created_at" timestamp NOT NULL, "updated_at" timestamp NOT NULL)[0m
  ↳ db/schema.rb:47
  [1m[35m (2.7ms)[0m  [1m[35mCREATE UNIQUE INDEX  "index_users_on_username" ON "users"  ("username")[0m
  ↳ db/schema.rb:47
  [1m[35m (9.1ms)[0m  [1m[35mCREATE TABLE "schema_migrations" ("version" character varying NOT NULL PRIMARY KEY)[0m
  ↳ db/schema.rb:13
  [1m[35m (2.5ms)[0m  [1m[34mSELECT "schema_migrations"."version" FROM "schema_migrations" ORDER BY "schema_migrations"."version" ASC[0m
  ↳ db/schema.rb:13
  [1m[35m (2.0ms)[0m  [1m[32mINSERT INTO "schema_migrations" (version) VALUES (20220304220158)[0m
  ↳ db/schema.rb:13
  [1m[35m (1.7ms)[0m  [1m[32mINSERT INTO "schema_migrations" (version) VALUES
(20220304213941),
(20220304214535),
(20220304214947),
(20220304214307),
(20220304214700),
(20220304214432);

[0m
  ↳ db/schema.rb:13
  [1m[35m (8.7ms)[0m  [1m[35mCREATE TABLE "ar_internal_metadata" ("key" character varying NOT NULL PRIMARY KEY, "value" character varying, "created_at" timestamp NOT NULL, "updated_at" timestamp NOT NULL)[0m
  ↳ db/schema.rb:13
  [1m[36mActiveRecord::InternalMetadata Load (0.7ms)[0m  [1m[34mSELECT  "ar_internal_metadata".* FROM "ar_internal_metadata" WHERE "ar_internal_metadata"."key" = $1 LIMIT $2[0m  [["key", "environment"], ["LIMIT", 1]]
  ↳ db/schema.rb:13
  [1m[35m (0.3ms)[0m  [1m[35mBEGIN[0m
  ↳ db/schema.rb:13
  [1m[36mActiveRecord::InternalMetadata Create (0.8ms)[0m  [1m[32mINSERT INTO "ar_internal_metadata" ("key", "value", "created_at", "updated_at") VALUES ($1, $2, $3, $4) RETURNING "key"[0m  [["key", "environment"], ["value", "development"], ["created_at", "2022-03-07 20:10:04.432901"], ["updated_at", "2022-03-07 20:10:04.432901"]]
  ↳ db/schema.rb:13
  [1m[35m (0.6ms)[0m  [1m[35mCOMMIT[0m
  ↳ db/schema.rb:13
  [1m[36mActiveRecord::InternalMetadata Load (0.8ms)[0m  [1m[34mSELECT  "ar_internal_metadata".* FROM "ar_internal_metadata" WHERE "ar_internal_metadata"."key" = $1 LIMIT $2[0m  [["key", "environment"], ["LIMIT", 1]]
  ↳ bin/rails:9
  [1m[35m (0.5ms)[0m  [1m[35mBEGIN[0m
  ↳ bin/rails:9
  [1m[36mActiveRecord::InternalMetadata Update (1.2ms)[0m  [1m[33mUPDATE "ar_internal_metadata" SET "value" = $1, "updated_at" = $2 WHERE "ar_internal_metadata"."key" = $3[0m  [["value", "test"], ["updated_at", "2022-03-07 20:10:04.442377"], ["key", "environment"]]
  ↳ bin/rails:9
  [1m[35m (0.6ms)[0m  [1m[35mCOMMIT[0m
  ↳ bin/rails:9
  [1m[35m (1.1ms)[0m  [1m[34mSELECT "schema_migrations"."version" FROM "schema_migrations" ORDER BY "schema_migrations"."version" ASC[0m
  ↳ bin/rails:9
  [1m[35m (1.1ms)[0m  [1m[34mSELECT "schema_migrations"."version" FROM "schema_migrations" ORDER BY "schema_migrations"."version" ASC[0m
  ↳ bin/rails:9
  [1m[35m (0.2ms)[0m  [1m[35mBEGIN[0m
  ↳ db/seeds.rb:9
  [1m[36mUser Load (1.6ms)[0m  [1m[34mSELECT "users".* FROM "users"[0m
  ↳ db/seeds.rb:10
  [1m[36mPoll Load (1.0ms)[0m  [1m[34mSELECT "polls".* FROM "polls"[0m
  ↳ db/seeds.rb:11
  [1m[36mQuestion Load (0.8ms)[0m  [1m[34mSELECT "questions".* FROM "questions"[0m
  ↳ db/seeds.rb:12
  [1m[36mAnswerChoice Load (0.8ms)[0m  [1m[34mSELECT "answer_choices".* FROM "answer_choices"[0m
  ↳ db/seeds.rb:13
  [1m[36mResponse Load (0.9ms)[0m  [1m[34mSELECT "responses".* FROM "responses"[0m
  ↳ db/seeds.rb:14
  [1m[36mUser Exists (0.8ms)[0m  [1m[34mSELECT  1 AS one FROM "users" WHERE "users"."username" = $1 LIMIT $2[0m  [["username", "Tony Stark"], ["LIMIT", 1]]
  ↳ db/seeds.rb:16
  [1m[36mUser Create (1.0ms)[0m  [1m[32mINSERT INTO "users" ("username", "created_at", "updated_at") VALUES ($1, $2, $3) RETURNING "id"[0m  [["username", "Tony Stark"], ["created_at", "2022-03-07 20:17:40.162820"], ["updated_at", "2022-03-07 20:17:40.162820"]]
  ↳ db/seeds.rb:16
  [1m[36mUser Exists (0.4ms)[0m  [1m[34mSELECT  1 AS one FROM "users" WHERE "users"."username" = $1 LIMIT $2[0m  [["username", "Steve Rogers"], ["LIMIT", 1]]
  ↳ db/seeds.rb:17
  [1m[36mUser Create (0.4ms)[0m  [1m[32mINSERT INTO "users" ("username", "created_at", "updated_at") VALUES ($1, $2, $3) RETURNING "id"[0m  [["username", "Steve Rogers"], ["created_at", "2022-03-07 20:17:40.167169"], ["updated_at", "2022-03-07 20:17:40.167169"]]
  ↳ db/seeds.rb:17
  [1m[36mPoll Create (0.9ms)[0m  [1m[32mINSERT INTO "polls" ("title", "created_at", "updated_at", "author_id") VALUES ($1, $2, $3, $4) RETURNING "id"[0m  [["title", "Avengers Poll"], ["created_at", "2022-03-07 20:17:40.185786"], ["updated_at", "2022-03-07 20:17:40.185786"], ["author_id", 1]]
  ↳ db/seeds.rb:19
  [1m[36mQuestion Create (0.9ms)[0m  [1m[32mINSERT INTO "questions" ("text", "created_at", "updated_at", "poll_id") VALUES ($1, $2, $3, $4) RETURNING "id"[0m  [["text", "Who is the strongest Avenger?"], ["created_at", "2022-03-07 20:17:40.200589"], ["updated_at", "2022-03-07 20:17:40.200589"], ["poll_id", 1]]
  ↳ db/seeds.rb:21
  [1m[36mAnswerChoice Create (0.8ms)[0m  [1m[32mINSERT INTO "answer_choices" ("text", "created_at", "updated_at", "question_id") VALUES ($1, $2, $3, $4) RETURNING "id"[0m  [["text", "Thor"], ["created_at", "2022-03-07 20:17:40.215076"], ["updated_at", "2022-03-07 20:17:40.215076"], ["question_id", 1]]
  ↳ db/seeds.rb:22
  [1m[36mAnswerChoice Create (0.4ms)[0m  [1m[32mINSERT INTO "answer_choices" ("text", "created_at", "updated_at", "question_id") VALUES ($1, $2, $3, $4) RETURNING "id"[0m  [["text", "Wanda"], ["created_at", "2022-03-07 20:17:40.217587"], ["updated_at", "2022-03-07 20:17:40.217587"], ["question_id", 1]]
  ↳ db/seeds.rb:23
  [1m[36mAnswerChoice Create (0.4ms)[0m  [1m[32mINSERT INTO "answer_choices" ("text", "created_at", "updated_at", "question_id") VALUES ($1, $2, $3, $4) RETURNING "id"[0m  [["text", "Hulk"], ["created_at", "2022-03-07 20:17:40.219389"], ["updated_at", "2022-03-07 20:17:40.219389"], ["question_id", 1]]
  ↳ db/seeds.rb:24
  [1m[36mQuestion Create (0.4ms)[0m  [1m[32mINSERT INTO "questions" ("text", "created_at", "updated_at", "poll_id") VALUES ($1, $2, $3, $4) RETURNING "id"[0m  [["text", "Which movie is the best?"], ["created_at", "2022-03-07 20:17:40.220923"], ["updated_at", "2022-03-07 20:17:40.220923"], ["poll_id", 1]]
  ↳ db/seeds.rb:26
  [1m[36mAnswerChoice Create (0.4ms)[0m  [1m[32mINSERT INTO "answer_choices" ("text", "created_at", "updated_at", "question_id") VALUES ($1, $2, $3, $4) RETURNING "id"[0m  [["text", "Avengers: Infinity War"], ["created_at", "2022-03-07 20:17:40.222646"], ["updated_at", "2022-03-07 20:17:40.222646"], ["question_id", 2]]
  ↳ db/seeds.rb:27
  [1m[36mAnswerChoice Create (0.5ms)[0m  [1m[32mINSERT INTO "answer_choices" ("text", "created_at", "updated_at", "question_id") VALUES ($1, $2, $3, $4) RETURNING "id"[0m  [["text", "Black Panther"], ["created_at", "2022-03-07 20:17:40.230991"], ["updated_at", "2022-03-07 20:17:40.230991"], ["question_id", 2]]
  ↳ db/seeds.rb:28
  [1m[36mAnswerChoice Create (0.4ms)[0m  [1m[32mINSERT INTO "answer_choices" ("text", "created_at", "updated_at", "question_id") VALUES ($1, $2, $3, $4) RETURNING "id"[0m  [["text", "Spiderman: No Way Home"], ["created_at", "2022-03-07 20:17:40.232500"], ["updated_at", "2022-03-07 20:17:40.232500"], ["question_id", 2]]
  ↳ db/seeds.rb:29
  [1m[35m (0.3ms)[0m  [1m[31mROLLBACK[0m
  ↳ db/seeds.rb:9
  [1m[35m (1.2ms)[0m  [1m[34mSELECT "schema_migrations"."version" FROM "schema_migrations" ORDER BY "schema_migrations"."version" ASC[0m
  ↳ bin/rails:9
  [1m[35m (0.2ms)[0m  [1m[35mBEGIN[0m
  ↳ db/seeds.rb:9
  [1m[36mUser Load (0.9ms)[0m  [1m[34mSELECT "users".* FROM "users"[0m
  ↳ db/seeds.rb:10
  [1m[36mPoll Load (0.9ms)[0m  [1m[34mSELECT "polls".* FROM "polls"[0m
  ↳ db/seeds.rb:11
  [1m[36mQuestion Load (0.8ms)[0m  [1m[34mSELECT "questions".* FROM "questions"[0m
  ↳ db/seeds.rb:12
  [1m[36mAnswerChoice Load (0.8ms)[0m  [1m[34mSELECT "answer_choices".* FROM "answer_choices"[0m
  ↳ db/seeds.rb:13
  [1m[36mResponse Load (0.7ms)[0m  [1m[34mSELECT "responses".* FROM "responses"[0m
  ↳ db/seeds.rb:14
  [1m[36mUser Exists (1.3ms)[0m  [1m[34mSELECT  1 AS one FROM "users" WHERE "users"."username" = $1 LIMIT $2[0m  [["username", "Tony Stark"], ["LIMIT", 1]]
  ↳ db/seeds.rb:16
  [1m[36mUser Create (0.9ms)[0m  [1m[32mINSERT INTO "users" ("username", "created_at", "updated_at") VALUES ($1, $2, $3) RETURNING "id"[0m  [["username", "Tony Stark"], ["created_at", "2022-03-07 20:18:55.368535"], ["updated_at", "2022-03-07 20:18:55.368535"]]
  ↳ db/seeds.rb:16
  [1m[36mUser Exists (0.4ms)[0m  [1m[34mSELECT  1 AS one FROM "users" WHERE "users"."username" = $1 LIMIT $2[0m  [["username", "Steve Rogers"], ["LIMIT", 1]]
  ↳ db/seeds.rb:17
  [1m[36mUser Create (0.5ms)[0m  [1m[32mINSERT INTO "users" ("username", "created_at", "updated_at") VALUES ($1, $2, $3) RETURNING "id"[0m  [["username", "Steve Rogers"], ["created_at", "2022-03-07 20:18:55.373608"], ["updated_at", "2022-03-07 20:18:55.373608"]]
  ↳ db/seeds.rb:17
  [1m[36mPoll Create (0.6ms)[0m  [1m[32mINSERT INTO "polls" ("title", "created_at", "updated_at", "author_id") VALUES ($1, $2, $3, $4) RETURNING "id"[0m  [["title", "Avengers Poll"], ["created_at", "2022-03-07 20:18:55.392688"], ["updated_at", "2022-03-07 20:18:55.392688"], ["author_id", 3]]
  ↳ db/seeds.rb:19
  [1m[36mQuestion Create (0.6ms)[0m  [1m[32mINSERT INTO "questions" ("text", "created_at", "updated_at", "poll_id") VALUES ($1, $2, $3, $4) RETURNING "id"[0m  [["text", "Who is the strongest Avenger?"], ["created_at", "2022-03-07 20:18:55.407159"], ["updated_at", "2022-03-07 20:18:55.407159"], ["poll_id", 2]]
  ↳ db/seeds.rb:21
  [1m[36mAnswerChoice Create (0.6ms)[0m  [1m[32mINSERT INTO "answer_choices" ("text", "created_at", "updated_at", "question_id") VALUES ($1, $2, $3, $4) RETURNING "id"[0m  [["text", "Thor"], ["created_at", "2022-03-07 20:18:55.421830"], ["updated_at", "2022-03-07 20:18:55.421830"], ["question_id", 3]]
  ↳ db/seeds.rb:22
  [1m[36mAnswerChoice Create (0.4ms)[0m  [1m[32mINSERT INTO "answer_choices" ("text", "created_at", "updated_at", "question_id") VALUES ($1, $2, $3, $4) RETURNING "id"[0m  [["text", "Wanda"], ["created_at", "2022-03-07 20:18:55.424166"], ["updated_at", "2022-03-07 20:18:55.424166"], ["question_id", 3]]
  ↳ db/seeds.rb:23
  [1m[36mAnswerChoice Create (0.5ms)[0m  [1m[32mINSERT INTO "answer_choices" ("text", "created_at", "updated_at", "question_id") VALUES ($1, $2, $3, $4) RETURNING "id"[0m  [["text", "Hulk"], ["created_at", "2022-03-07 20:18:55.425578"], ["updated_at", "2022-03-07 20:18:55.425578"], ["question_id", 3]]
  ↳ db/seeds.rb:24
  [1m[36mQuestion Create (0.4ms)[0m  [1m[32mINSERT INTO "questions" ("text", "created_at", "updated_at", "poll_id") VALUES ($1, $2, $3, $4) RETURNING "id"[0m  [["text", "Which movie is the best?"], ["created_at", "2022-03-07 20:18:55.427736"], ["updated_at", "2022-03-07 20:18:55.427736"], ["poll_id", 2]]
  ↳ db/seeds.rb:26
  [1m[36mAnswerChoice Create (0.4ms)[0m  [1m[32mINSERT INTO "answer_choices" ("text", "created_at", "updated_at", "question_id") VALUES ($1, $2, $3, $4) RETURNING "id"[0m  [["text", "Avengers: Infinity War"], ["created_at", "2022-03-07 20:18:55.429599"], ["updated_at", "2022-03-07 20:18:55.429599"], ["question_id", 4]]
  ↳ db/seeds.rb:27
  [1m[36mAnswerChoice Create (0.5ms)[0m  [1m[32mINSERT INTO "answer_choices" ("text", "created_at", "updated_at", "question_id") VALUES ($1, $2, $3, $4) RETURNING "id"[0m  [["text", "Black Panther"], ["created_at", "2022-03-07 20:18:55.438725"], ["updated_at", "2022-03-07 20:18:55.438725"], ["question_id", 4]]
  ↳ db/seeds.rb:28
  [1m[36mAnswerChoice Create (0.4ms)[0m  [1m[32mINSERT INTO "answer_choices" ("text", "created_at", "updated_at", "question_id") VALUES ($1, $2, $3, $4) RETURNING "id"[0m  [["text", "Spiderman: No Way Home"], ["created_at", "2022-03-07 20:18:55.440265"], ["updated_at", "2022-03-07 20:18:55.440265"], ["question_id", 4]]
  ↳ db/seeds.rb:29
  [1m[35m (0.3ms)[0m  [1m[31mROLLBACK[0m
  ↳ db/seeds.rb:9
  [1m[35m (0.2ms)[0m  [1m[35mBEGIN[0m
  [1m[36mUser Exists (20.1ms)[0m  [1m[34mSELECT  1 AS one FROM "users" WHERE "users"."username" = $1 LIMIT $2[0m  [["username", "Tony Stark"], ["LIMIT", 1]]
  [1m[36mUser Create (0.9ms)[0m  [1m[32mINSERT INTO "users" ("username", "created_at", "updated_at") VALUES ($1, $2, $3) RETURNING "id"[0m  [["username", "Tony Stark"], ["created_at", "2022-03-07 20:20:16.726096"], ["updated_at", "2022-03-07 20:20:16.726096"]]
  [1m[35m (2.7ms)[0m  [1m[35mCOMMIT[0m
  [1m[35m (0.8ms)[0m  [1m[35mBEGIN[0m
  [1m[36mUser Exists (3.5ms)[0m  [1m[34mSELECT  1 AS one FROM "users" WHERE "users"."username" = $1 LIMIT $2[0m  [["username", "Steve Rogers"], ["LIMIT", 1]]
  [1m[36mUser Create (4.5ms)[0m  [1m[32mINSERT INTO "users" ("username", "created_at", "updated_at") VALUES ($1, $2, $3) RETURNING "id"[0m  [["username", "Steve Rogers"], ["created_at", "2022-03-07 20:20:23.179078"], ["updated_at", "2022-03-07 20:20:23.179078"]]
  [1m[35m (12.7ms)[0m  [1m[35mCOMMIT[0m
  [1m[35m (0.2ms)[0m  [1m[35mBEGIN[0m
  [1m[36mPoll Create (1.1ms)[0m  [1m[32mINSERT INTO "polls" ("title", "created_at", "updated_at", "author_id") VALUES ($1, $2, $3, $4) RETURNING "id"[0m  [["title", "Avengers Poll"], ["created_at", "2022-03-07 20:20:28.448025"], ["updated_at", "2022-03-07 20:20:28.448025"], ["author_id", 5]]
  [1m[35m (4.4ms)[0m  [1m[35mCOMMIT[0m
  [1m[35m (0.3ms)[0m  [1m[35mBEGIN[0m
  [1m[36mQuestion Create (0.9ms)[0m  [1m[32mINSERT INTO "questions" ("text", "created_at", "updated_at", "poll_id") VALUES ($1, $2, $3, $4) RETURNING "id"[0m  [["text", "Who is the strongest Avenger?"], ["created_at", "2022-03-07 20:20:33.758947"], ["updated_at", "2022-03-07 20:20:33.758947"], ["poll_id", 3]]
  [1m[35m (3.1ms)[0m  [1m[35mCOMMIT[0m
  [1m[35m (0.2ms)[0m  [1m[35mBEGIN[0m
  [1m[36mAnswerChoice Create (0.8ms)[0m  [1m[32mINSERT INTO "answer_choices" ("text", "created_at", "updated_at", "question_id") VALUES ($1, $2, $3, $4) RETURNING "id"[0m  [["text", "Thor"], ["created_at", "2022-03-07 20:20:42.458494"], ["updated_at", "2022-03-07 20:20:42.458494"], ["question_id", 5]]
  [1m[35m (2.2ms)[0m  [1m[35mCOMMIT[0m
  [1m[35m (5.3ms)[0m  [1m[35mBEGIN[0m
  [1m[36mAnswerChoice Create (11.8ms)[0m  [1m[32mINSERT INTO "answer_choices" ("text", "created_at", "updated_at", "question_id") VALUES ($1, $2, $3, $4) RETURNING "id"[0m  [["text", "Wanda"], ["created_at", "2022-03-07 20:20:50.797273"], ["updated_at", "2022-03-07 20:20:50.797273"], ["question_id", 5]]
  [1m[35m (23.9ms)[0m  [1m[35mCOMMIT[0m
  [1m[35m (15.9ms)[0m  [1m[35mBEGIN[0m
  [1m[36mAnswerChoice Create (23.7ms)[0m  [1m[32mINSERT INTO "answer_choices" ("text", "created_at", "updated_at", "question_id") VALUES ($1, $2, $3, $4) RETURNING "id"[0m  [["text", "Hulk"], ["created_at", "2022-03-07 20:20:50.869475"], ["updated_at", "2022-03-07 20:20:50.869475"], ["question_id", 5]]
  [1m[35m (15.6ms)[0m  [1m[35mCOMMIT[0m
  [1m[35m (7.9ms)[0m  [1m[35mBEGIN[0m
  [1m[36mQuestion Create (54.5ms)[0m  [1m[32mINSERT INTO "questions" ("text", "created_at", "updated_at", "poll_id") VALUES ($1, $2, $3, $4) RETURNING "id"[0m  [["text", "Which movie is the best?"], ["created_at", "2022-03-07 20:20:59.548215"], ["updated_at", "2022-03-07 20:20:59.548215"], ["poll_id", 3]]
  [1m[35m (2.6ms)[0m  [1m[35mCOMMIT[0m
  [1m[35m (2.0ms)[0m  [1m[35mBEGIN[0m
  [1m[36mAnswerChoice Create (0.5ms)[0m  [1m[32mINSERT INTO "answer_choices" ("text", "created_at", "updated_at", "question_id") VALUES ($1, $2, $3, $4) RETURNING "id"[0m  [["text", "Avengers: Infinity War"], ["created_at", "2022-03-07 20:20:59.619734"], ["updated_at", "2022-03-07 20:20:59.619734"], ["question_id", 6]]
  [1m[35m (0.7ms)[0m  [1m[35mCOMMIT[0m
  [1m[35m (0.2ms)[0m  [1m[35mBEGIN[0m
  [1m[36mAnswerChoice Create (0.6ms)[0m  [1m[32mINSERT INTO "answer_choices" ("text", "created_at", "updated_at", "question_id") VALUES ($1, $2, $3, $4) RETURNING "id"[0m  [["text", "Black Panther"], ["created_at", "2022-03-07 20:20:59.633625"], ["updated_at", "2022-03-07 20:20:59.633625"], ["question_id", 6]]
  [1m[35m (1.7ms)[0m  [1m[35mCOMMIT[0m
  [1m[35m (0.2ms)[0m  [1m[35mBEGIN[0m
  [1m[36mAnswerChoice Create (2.1ms)[0m  [1m[32mINSERT INTO "answer_choices" ("text", "created_at", "updated_at", "question_id") VALUES ($1, $2, $3, $4) RETURNING "id"[0m  [["text", "Spiderman: No Way Home"], ["created_at", "2022-03-07 20:21:03.570340"], ["updated_at", "2022-03-07 20:21:03.570340"], ["question_id", 6]]
  [1m[35m (5.9ms)[0m  [1m[35mCOMMIT[0m
  [1m[35m (0.2ms)[0m  [1m[35mBEGIN[0m
  [1m[35m (0.6ms)[0m  [1m[31mROLLBACK[0m
  [1m[35m (1.2ms)[0m  [1m[34mSELECT "schema_migrations"."version" FROM "schema_migrations" ORDER BY "schema_migrations"."version" ASC[0m
  ↳ bin/rails:9
  [1m[35m (0.2ms)[0m  [1m[35mBEGIN[0m
  ↳ db/seeds.rb:9
  [1m[36mUser Load (0.9ms)[0m  [1m[34mSELECT "users".* FROM "users"[0m
  ↳ db/seeds.rb:10
  [1m[36mUser Destroy (3.3ms)[0m  [1m[31mDELETE FROM "users" WHERE "users"."id" = $1[0m  [["id", 5]]
  ↳ db/seeds.rb:10
  [1m[36mUser Destroy (0.4ms)[0m  [1m[31mDELETE FROM "users" WHERE "users"."id" = $1[0m  [["id", 6]]
  ↳ db/seeds.rb:10
  [1m[36mPoll Load (0.9ms)[0m  [1m[34mSELECT "polls".* FROM "polls"[0m
  ↳ db/seeds.rb:11
  [1m[36mPoll Destroy (0.5ms)[0m  [1m[31mDELETE FROM "polls" WHERE "polls"."id" = $1[0m  [["id", 3]]
  ↳ db/seeds.rb:11
  [1m[36mQuestion Load (0.7ms)[0m  [1m[34mSELECT "questions".* FROM "questions"[0m
  ↳ db/seeds.rb:12
  [1m[36mQuestion Destroy (0.6ms)[0m  [1m[31mDELETE FROM "questions" WHERE "questions"."id" = $1[0m  [["id", 5]]
  ↳ db/seeds.rb:12
  [1m[36mQuestion Destroy (0.3ms)[0m  [1m[31mDELETE FROM "questions" WHERE "questions"."id" = $1[0m  [["id", 6]]
  ↳ db/seeds.rb:12
  [1m[36mAnswerChoice Load (0.8ms)[0m  [1m[34mSELECT "answer_choices".* FROM "answer_choices"[0m
  ↳ db/seeds.rb:13
  [1m[36mAnswerChoice Destroy (0.7ms)[0m  [1m[31mDELETE FROM "answer_choices" WHERE "answer_choices"."id" = $1[0m  [["id", 13]]
  ↳ db/seeds.rb:13
  [1m[36mAnswerChoice Destroy (0.6ms)[0m  [1m[31mDELETE FROM "answer_choices" WHERE "answer_choices"."id" = $1[0m  [["id", 14]]
  ↳ db/seeds.rb:13
  [1m[36mAnswerChoice Destroy (0.4ms)[0m  [1m[31mDELETE FROM "answer_choices" WHERE "answer_choices"."id" = $1[0m  [["id", 15]]
  ↳ db/seeds.rb:13
  [1m[36mAnswerChoice Destroy (0.4ms)[0m  [1m[31mDELETE FROM "answer_choices" WHERE "answer_choices"."id" = $1[0m  [["id", 16]]
  ↳ db/seeds.rb:13
  [1m[36mAnswerChoice Destroy (0.3ms)[0m  [1m[31mDELETE FROM "answer_choices" WHERE "answer_choices"."id" = $1[0m  [["id", 17]]
  ↳ db/seeds.rb:13
  [1m[36mAnswerChoice Destroy (0.3ms)[0m  [1m[31mDELETE FROM "answer_choices" WHERE "answer_choices"."id" = $1[0m  [["id", 18]]
  ↳ db/seeds.rb:13
  [1m[36mResponse Load (0.7ms)[0m  [1m[34mSELECT "responses".* FROM "responses"[0m
  ↳ db/seeds.rb:14
  [1m[36mUser Exists (1.2ms)[0m  [1m[34mSELECT  1 AS one FROM "users" WHERE "users"."username" = $1 LIMIT $2[0m  [["username", "Tony Stark"], ["LIMIT", 1]]
  ↳ db/seeds.rb:16
  [1m[36mUser Create (0.7ms)[0m  [1m[32mINSERT INTO "users" ("username", "created_at", "updated_at") VALUES ($1, $2, $3) RETURNING "id"[0m  [["username", "Tony Stark"], ["created_at", "2022-03-07 20:21:38.635814"], ["updated_at", "2022-03-07 20:21:38.635814"]]
  ↳ db/seeds.rb:16
  [1m[36mUser Exists (0.4ms)[0m  [1m[34mSELECT  1 AS one FROM "users" WHERE "users"."username" = $1 LIMIT $2[0m  [["username", "Steve Rogers"], ["LIMIT", 1]]
  ↳ db/seeds.rb:17
  [1m[36mUser Create (0.4ms)[0m  [1m[32mINSERT INTO "users" ("username", "created_at", "updated_at") VALUES ($1, $2, $3) RETURNING "id"[0m  [["username", "Steve Rogers"], ["created_at", "2022-03-07 20:21:38.640389"], ["updated_at", "2022-03-07 20:21:38.640389"]]
  ↳ db/seeds.rb:17
  [1m[36mPoll Create (0.6ms)[0m  [1m[32mINSERT INTO "polls" ("title", "created_at", "updated_at", "author_id") VALUES ($1, $2, $3, $4) RETURNING "id"[0m  [["title", "Avengers Poll"], ["created_at", "2022-03-07 20:21:38.648533"], ["updated_at", "2022-03-07 20:21:38.648533"], ["author_id", 7]]
  ↳ db/seeds.rb:19
  [1m[36mQuestion Create (0.5ms)[0m  [1m[32mINSERT INTO "questions" ("text", "created_at", "updated_at", "poll_id") VALUES ($1, $2, $3, $4) RETURNING "id"[0m  [["text", "Who is the strongest Avenger?"], ["created_at", "2022-03-07 20:21:38.652063"], ["updated_at", "2022-03-07 20:21:38.652063"], ["poll_id", 4]]
  ↳ db/seeds.rb:21
  [1m[36mAnswerChoice Create (0.7ms)[0m  [1m[32mINSERT INTO "answer_choices" ("text", "created_at", "updated_at", "question_id") VALUES ($1, $2, $3, $4) RETURNING "id"[0m  [["text", "Thor"], ["created_at", "2022-03-07 20:21:38.665553"], ["updated_at", "2022-03-07 20:21:38.665553"], ["question_id", 7]]
  ↳ db/seeds.rb:22
  [1m[36mAnswerChoice Create (0.4ms)[0m  [1m[32mINSERT INTO "answer_choices" ("text", "created_at", "updated_at", "question_id") VALUES ($1, $2, $3, $4) RETURNING "id"[0m  [["text", "Wanda"], ["created_at", "2022-03-07 20:21:38.667870"], ["updated_at", "2022-03-07 20:21:38.667870"], ["question_id", 7]]
  ↳ db/seeds.rb:23
  [1m[36mAnswerChoice Create (0.4ms)[0m  [1m[32mINSERT INTO "answer_choices" ("text", "created_at", "updated_at", "question_id") VALUES ($1, $2, $3, $4) RETURNING "id"[0m  [["text", "Hulk"], ["created_at", "2022-03-07 20:21:38.669440"], ["updated_at", "2022-03-07 20:21:38.669440"], ["question_id", 7]]
  ↳ db/seeds.rb:24
  [1m[36mQuestion Create (0.3ms)[0m  [1m[32mINSERT INTO "questions" ("text", "created_at", "updated_at", "poll_id") VALUES ($1, $2, $3, $4) RETURNING "id"[0m  [["text", "Which movie is the best?"], ["created_at", "2022-03-07 20:21:38.670952"], ["updated_at", "2022-03-07 20:21:38.670952"], ["poll_id", 4]]
  ↳ db/seeds.rb:26
  [1m[36mAnswerChoice Create (0.3ms)[0m  [1m[32mINSERT INTO "answer_choices" ("text", "created_at", "updated_at", "question_id") VALUES ($1, $2, $3, $4) RETURNING "id"[0m  [["text", "Avengers: Infinity War"], ["created_at", "2022-03-07 20:21:38.672481"], ["updated_at", "2022-03-07 20:21:38.672481"], ["question_id", 8]]
  ↳ db/seeds.rb:27
  [1m[36mAnswerChoice Create (0.3ms)[0m  [1m[32mINSERT INTO "answer_choices" ("text", "created_at", "updated_at", "question_id") VALUES ($1, $2, $3, $4) RETURNING "id"[0m  [["text", "Black Panther"], ["created_at", "2022-03-07 20:21:38.673853"], ["updated_at", "2022-03-07 20:21:38.673853"], ["question_id", 8]]
  ↳ db/seeds.rb:28
  [1m[36mAnswerChoice Create (0.3ms)[0m  [1m[32mINSERT INTO "answer_choices" ("text", "created_at", "updated_at", "question_id") VALUES ($1, $2, $3, $4) RETURNING "id"[0m  [["text", "Spiderman: No Way Home"], ["created_at", "2022-03-07 20:21:38.675185"], ["updated_at", "2022-03-07 20:21:38.675185"], ["question_id", 8]]
  ↳ db/seeds.rb:29
  [1m[36mResponse Create (1.2ms)[0m  [1m[32mINSERT INTO "responses" ("user_id", "answer_id", "created_at", "updated_at") VALUES ($1, $2, $3, $4) RETURNING "id"[0m  [["user_id", 8], ["answer_id", 21], ["created_at", "2022-03-07 20:21:38.686228"], ["updated_at", "2022-03-07 20:21:38.686228"]]
  ↳ db/seeds.rb:31
  [1m[36mResponse Create (0.5ms)[0m  [1m[32mINSERT INTO "responses" ("user_id", "answer_id", "created_at", "updated_at") VALUES ($1, $2, $3, $4) RETURNING "id"[0m  [["user_id", 8], ["answer_id", 22], ["created_at", "2022-03-07 20:21:38.689417"], ["updated_at", "2022-03-07 20:21:38.689417"]]
  ↳ db/seeds.rb:35
  [1m[35m (0.7ms)[0m  [1m[35mCOMMIT[0m
  ↳ db/seeds.rb:9
  [1m[36mUser Load (1.7ms)[0m  [1m[34mSELECT "users".* FROM "users"[0m
  [1m[36mPoll Load (6.0ms)[0m  [1m[34mSELECT "polls".* FROM "polls"[0m
  [1m[36mQuestion Load (1.1ms)[0m  [1m[34mSELECT "questions".* FROM "questions"[0m
  [1m[36mAnswerChoice Load (1.4ms)[0m  [1m[34mSELECT "answer_choices".* FROM "answer_choices"[0m
  [1m[36mResponse Load (1.4ms)[0m  [1m[34mSELECT "responses".* FROM "responses"[0m
